<?xml version="1.0" encoding="UTF-8"?>
<!-- Generated by org.testng.reporters.JUnitReportReporter -->
<testsuite name="qsp.DemoB" tests="1" time="4.366" ignored="0" failures="0" timestamp="04 Feb 2018 10:40:41 GMT" skipped="0" hostname="CBT-LAB-040" errors="0">
  <testcase name="testA" time="4.366" classname="qsp.DemoB"/>
</testsuite> <!-- qsp.DemoB -->
